#
# There is insufficient memory for the Java Runtime Environment to continue.
# Native memory allocation (mmap) failed to map 264241152 bytes for G1 virtual space
# Possible reasons:
#   The system is out of physical RAM or swap space
#   The process is running with CompressedOops enabled, and the Java Heap may be blocking the growth of the native heap
# Possible solutions:
#   Reduce memory load on the system
#   Increase physical memory or swap space
#   Check if swap backing store is full
#   Decrease Java heap size (-Xmx/-Xms)
#   Decrease number of Java threads
#   Decrease Java thread stack sizes (-Xss)
#   Set larger code cache with -XX:ReservedCodeCacheSize=
#   JVM is running with Zero Based Compressed Oops mode in which the Java heap is
#     placed in the first 32GB address space. The Java Heap base address is the
#     maximum limit for the native heap growth. Please use -XX:HeapBaseMinAddress
#     to set the Java Heap base and to place the Java Heap above 32GB virtual address.
# This output file may be truncated or incomplete.
#
#  Out of Memory Error (os_windows.cpp:3617), pid=29932, tid=22192
#
# JRE version:  (17.0.8.1+1) (build )
# Java VM: OpenJDK 64-Bit Server VM (17.0.8.1+1, mixed mode, sharing, tiered, compressed oops, compressed class ptrs, g1 gc, windows-amd64)
# No core dump will be written. Minidumps are not enabled by default on client versions of Windows
#

---------------  S U M M A R Y ------------

Command Line: -Dfile.encoding=UTF-8 --module-path=C:\Users\emisi\Documents\1DAM\Programacion\Tema2\Proyecto_Emanuel_Hosu\bin -XX:+ShowCodeDetailsInExceptionMessages -Djdk.module.main=Proyecto_Emanuel_Hosu Proyecto_Emanuel_Hosu/SimonDice.Main

Host: 12th Gen Intel(R) Core(TM) i7-12700H, 20 cores, 15G,  Windows 11 , 64 bit Build 22621 (10.0.22621.2506)
Time: Thu Jan 11 13:43:34 2024 Hora estándar romance elapsed time: 0.013946 seconds (0d 0h 0m 0s)

---------------  T H R E A D  ---------------

Current thread (0x000001eb39805420):  JavaThread "Unknown thread" [_thread_in_vm, id=22192, stack(0x00000078b1b00000,0x00000078b1c00000)]

Stack: [0x00000078b1b00000,0x00000078b1c00000]
Native frames: (J=compiled Java code, j=interpreted, Vv=VM code, C=native code)
V  [jvm.dll+0x678b0a]
V  [jvm.dll+0x835e84]
V  [jvm.dll+0x83762e]
V  [jvm.dll+0x837c93]
V  [jvm.dll+0x24746f]
V  [jvm.dll+0x675859]
V  [jvm.dll+0x66a0ea]
V  [jvm.dll+0x306c7b]
V  [jvm.dll+0x30e166]
V  [jvm.dll+0x35dd3e]
V  [jvm.dll+0x35df6f]
V  [jvm.dll+0x2ddb48]
V  [jvm.dll+0x2deab4]
V  [jvm.dll+0x807f31]
V  [jvm.dll+0x36bb21]
V  [jvm.dll+0x7e733c]
V  [jvm.dll+0x3ee4af]
V  [jvm.dll+0x3f00c1]
C  [jli.dll+0x528b]
C  [ucrtbase.dll+0x29363]
C  [KERNEL32.DLL+0x1257d]
C  [ntdll.dll+0x5aa58]


---------------  P R O C E S S  ---------------

Threads class SMR info:
_java_thread_list=0x00007ffa0670a018, length=0, elements={
}

Java Threads: ( => current thread )

Other Threads:
  0x000001eb39873630 GCTaskThread "GC Thread#0" [stack: 0x00000078b1c00000,0x00000078b1d00000] [id=24140]
  0x000001eb39883f60 ConcurrentGCThread "G1 Main Marker" [stack: 0x00000078b1d00000,0x00000078b1e00000] [id=26940]
  0x000001eb39884880 ConcurrentGCThread "G1 Conc#0" [stack: 0x00000078b1e00000,0x00000078b1f00000] [id=27740]

[error occurred during error reporting (printing all threads), id 0xc0000005, EXCEPTION_ACCESS_VIOLATION (0xc0000005) at pc=0x00007ffa05ede587]

VM state: not at safepoint (not fully initialized)

VM Mutex/Monitor currently owned by a thread:  ([mutex/lock_event])
[0x000001eb397fee60] Heap_lock - owner thread: 0x000001eb39805420

Heap address: 0x0000000705200000, size: 4014 MB, Compressed Oops mode: Zero based, Oop shift amount: 3

CDS archive(s) mapped at: [0x0000000000000000-0x0000000000000000-0x0000000000000000), size 0, SharedBaseAddress: 0x0000000800000000, ArchiveRelocationMode: 1.
Narrow klass base: 0x0000000000000000, Narrow klass shift: 0, Narrow klass range: 0x0

GC Precious Log:
<Empty>

Heap:
 garbage-first heap   total 0K, used 0K [0x0000000705200000, 0x0000000800000000)
  region size 2048K, 0 young (0K), 0 survivors (0K)

[error occurred during error reporting (printing heap information), id 0xc0000005, EXCEPTION_ACCESS_VIOLATION (0xc0000005) at pc=0x00007ffa062c2699]

GC Heap History (0 events):
No events

Dll operation events (1 events):
Event: 0.004 Loaded shared library C:\Users\emisi\.p2\pool\plugins\org.eclipse.justj.openjdk.hotspot.jre.full.win32.x86_64_17.0.8.v20230831-1047\jre\bin\java.dll

Deoptimization events (0 events):
No events

Classes unloaded (0 events):
No events

Classes redefined (0 events):
No events

Internal exceptions (0 events):
No events

VM Operations (0 events):
No events

Events (0 events):
No events


Dynamic libraries:
0x00007ff62eac0000 - 0x00007ff62eace000 	C:\Users\emisi\.p2\pool\plugins\org.eclipse.justj.openjdk.hotspot.jre.full.win32.x86_64_17.0.8.v20230831-1047\jre\bin\javaw.exe
0x00007ffab2fb0000 - 0x00007ffab31c7000 	C:\WINDOWS\SYSTEM32\ntdll.dll
0x00007ffab18b0000 - 0x00007ffab1974000 	C:\WINDOWS\System32\KERNEL32.DLL
0x00007ffab0320000 - 0x00007ffab06c6000 	C:\WINDOWS\System32\KERNELBASE.dll
0x00007ffab06d0000 - 0x00007ffab07e1000 	C:\WINDOWS\System32\ucrtbase.dll
0x00007ffa920a0000 - 0x00007ffa920b7000 	C:\Users\emisi\.p2\pool\plugins\org.eclipse.justj.openjdk.hotspot.jre.full.win32.x86_64_17.0.8.v20230831-1047\jre\bin\jli.dll
0x00007ffa92080000 - 0x00007ffa92099000 	C:\Users\emisi\.p2\pool\plugins\org.eclipse.justj.openjdk.hotspot.jre.full.win32.x86_64_17.0.8.v20230831-1047\jre\bin\VCRUNTIME140.dll
0x00007ffab1d40000 - 0x00007ffab1eee000 	C:\WINDOWS\System32\USER32.dll
0x00007ffab0ac0000 - 0x00007ffab0ae6000 	C:\WINDOWS\System32\win32u.dll
0x00007ffa85f80000 - 0x00007ffa86213000 	C:\WINDOWS\WinSxS\amd64_microsoft.windows.common-controls_6595b64144ccf1df_6.0.22621.2506_none_270c5ae97388e100\COMCTL32.dll
0x00007ffab2f40000 - 0x00007ffab2f69000 	C:\WINDOWS\System32\GDI32.dll
0x00007ffab1c90000 - 0x00007ffab1d37000 	C:\WINDOWS\System32\msvcrt.dll
0x00007ffab0be0000 - 0x00007ffab0cf8000 	C:\WINDOWS\System32\gdi32full.dll
0x00007ffab07f0000 - 0x00007ffab088a000 	C:\WINDOWS\System32\msvcp_win.dll
0x00007ffab2b50000 - 0x00007ffab2b81000 	C:\WINDOWS\System32\IMM32.DLL
0x00007ffa9bed0000 - 0x00007ffa9bedc000 	C:\Users\emisi\.p2\pool\plugins\org.eclipse.justj.openjdk.hotspot.jre.full.win32.x86_64_17.0.8.v20230831-1047\jre\bin\vcruntime140_1.dll
0x00007ffa75520000 - 0x00007ffa755b1000 	C:\Users\emisi\.p2\pool\plugins\org.eclipse.justj.openjdk.hotspot.jre.full.win32.x86_64_17.0.8.v20230831-1047\jre\bin\msvcp140.dll
0x00007ffa05bf0000 - 0x00007ffa0683c000 	C:\Users\emisi\.p2\pool\plugins\org.eclipse.justj.openjdk.hotspot.jre.full.win32.x86_64_17.0.8.v20230831-1047\jre\bin\server\jvm.dll
0x00007ffab17e0000 - 0x00007ffab1891000 	C:\WINDOWS\System32\ADVAPI32.dll
0x00007ffab1a10000 - 0x00007ffab1ab5000 	C:\WINDOWS\System32\sechost.dll
0x00007ffab27a0000 - 0x00007ffab28b7000 	C:\WINDOWS\System32\RPCRT4.dll
0x00007ffaaf190000 - 0x00007ffaaf1dd000 	C:\WINDOWS\SYSTEM32\POWRPROF.dll
0x00007ffaa8f90000 - 0x00007ffaa8fc4000 	C:\WINDOWS\SYSTEM32\WINMM.dll
0x00007ffaab360000 - 0x00007ffaab369000 	C:\WINDOWS\SYSTEM32\WSOCK32.dll
0x00007ffaa8550000 - 0x00007ffaa855a000 	C:\WINDOWS\SYSTEM32\VERSION.dll
0x00007ffab28d0000 - 0x00007ffab2941000 	C:\WINDOWS\System32\WS2_32.dll
0x00007ffaaf150000 - 0x00007ffaaf163000 	C:\WINDOWS\SYSTEM32\UMPDC.dll
0x00007ffaaf3b0000 - 0x00007ffaaf3c8000 	C:\WINDOWS\SYSTEM32\kernel.appcore.dll
0x00007ffaa9080000 - 0x00007ffaa908a000 	C:\Users\emisi\.p2\pool\plugins\org.eclipse.justj.openjdk.hotspot.jre.full.win32.x86_64_17.0.8.v20230831-1047\jre\bin\jimage.dll
0x00007ffaadb40000 - 0x00007ffaadd73000 	C:\WINDOWS\SYSTEM32\DBGHELP.DLL
0x00007ffab2bb0000 - 0x00007ffab2f39000 	C:\WINDOWS\System32\combase.dll
0x00007ffab25c0000 - 0x00007ffab2697000 	C:\WINDOWS\System32\OLEAUT32.dll
0x00007ffaa3900000 - 0x00007ffaa3932000 	C:\WINDOWS\SYSTEM32\dbgcore.DLL
0x00007ffab0af0000 - 0x00007ffab0b6a000 	C:\WINDOWS\System32\bcryptPrimitives.dll
0x00007ffa92240000 - 0x00007ffa92265000 	C:\Users\emisi\.p2\pool\plugins\org.eclipse.justj.openjdk.hotspot.jre.full.win32.x86_64_17.0.8.v20230831-1047\jre\bin\java.dll

dbghelp: loaded successfully - version: 4.0.5 - missing functions: none
symbol engine: initialized successfully - sym options: 0x614 - pdb path: .;C:\Users\emisi\.p2\pool\plugins\org.eclipse.justj.openjdk.hotspot.jre.full.win32.x86_64_17.0.8.v20230831-1047\jre\bin;C:\WINDOWS\SYSTEM32;C:\WINDOWS\WinSxS\amd64_microsoft.windows.common-controls_6595b64144ccf1df_6.0.22621.2506_none_270c5ae97388e100;C:\Users\emisi\.p2\pool\plugins\org.eclipse.justj.openjdk.hotspot.jre.full.win32.x86_64_17.0.8.v20230831-1047\jre\bin\server

VM Arguments:
jvm_args: -Dfile.encoding=UTF-8 --module-path=C:\Users\emisi\Documents\1DAM\Programacion\Tema2\Proyecto_Emanuel_Hosu\bin -XX:+ShowCodeDetailsInExceptionMessages -Djdk.module.main=Proyecto_Emanuel_Hosu 
java_command: Proyecto_Emanuel_Hosu/SimonDice.Main
java_class_path (initial): <not set>
Launcher Type: SUN_STANDARD

[Global flags]
     intx CICompilerCount                          = 12                                        {product} {ergonomic}
     uint ConcGCThreads                            = 4                                         {product} {ergonomic}
     uint G1ConcRefinementThreads                  = 15                                        {product} {ergonomic}
   size_t G1HeapRegionSize                         = 2097152                                   {product} {ergonomic}
    uintx GCDrainStackTargetSize                   = 64                                        {product} {ergonomic}
   size_t InitialHeapSize                          = 264241152                                 {product} {ergonomic}
   size_t MarkStackSize                            = 4194304                                   {product} {ergonomic}
   size_t MaxHeapSize                              = 4208984064                                {product} {ergonomic}
   size_t MinHeapDeltaBytes                        = 2097152                                   {product} {ergonomic}
   size_t MinHeapSize                              = 8388608                                   {product} {ergonomic}
    uintx NonNMethodCodeHeapSize                   = 7602480                                {pd product} {ergonomic}
    uintx NonProfiledCodeHeapSize                  = 122027880                              {pd product} {ergonomic}
    uintx ProfiledCodeHeapSize                     = 122027880                              {pd product} {ergonomic}
    uintx ReservedCodeCacheSize                    = 251658240                              {pd product} {ergonomic}
     bool SegmentedCodeCache                       = true                                      {product} {ergonomic}
     bool ShowCodeDetailsInExceptionMessages       = true                                   {manageable} {command line}
   size_t SoftMaxHeapSize                          = 4208984064                             {manageable} {ergonomic}
     bool UseCompressedClassPointers               = true                           {product lp64_product} {ergonomic}
     bool UseCompressedOops                        = true                           {product lp64_product} {ergonomic}
     bool UseG1GC                                  = true                                      {product} {ergonomic}
     bool UseLargePagesIndividualAllocation        = false                                  {pd product} {ergonomic}

Logging:
Log output configuration:
 #0: stdout all=warning uptime,level,tags
 #1: stderr all=off uptime,level,tags

Environment Variables:
PATH=C:/Users/emisi/.p2/pool/plugins/org.eclipse.justj.openjdk.hotspot.jre.full.win32.x86_64_17.0.8.v20230831-1047/jre/bin/server;C:/Users/emisi/.p2/pool/plugins/org.eclipse.justj.openjdk.hotspot.jre.full.win32.x86_64_17.0.8.v20230831-1047/jre/bin;C:\Program Files (x86)\Common Files\Oracle\Java\javapath;C:\WINDOWS\system32;C:\WINDOWS;C:\WINDOWS\System32\Wbem;C:\WINDOWS\System32\WindowsPowerShell\v1.0\;C:\WINDOWS\System32\OpenSSH\;C:\Program Files\NVIDIA Corporation\NVIDIA NvDLISR;C:\WINDOWS\system32;C:\WINDOWS;C:\WINDOWS\System32\Wbem;C:\WINDOWS\System32\WindowsPowerShell\v1.0\;C:\WINDOWS\System32\OpenSSH\;C:\Program Files (x86)\NVIDIA Corporation\PhysX\Common;C:\Program Files\dotnet\;C:\Program Files\Git\cmd;C:\composer;C:\xampp\php;C:\Users\emisi\scoop\shims;C:\Users\emisi\AppData\Local\Microsoft\WindowsApps;C:\Users\emisi\AppData\Local\Programs\Microsoft VS Code\bin;C:\Users\emisi\AppData\Local\GitHubDesktop\bin;C:\Users\emisi\AppData\Roaming\Composer\vendor\bin;C:\WINDOWS\system32;
USERNAME=emisi
OS=Windows_NT
PROCESSOR_IDENTIFIER=Intel64 Family 6 Model 154 Stepping 3, GenuineIntel
TMP=C:\Users\emisi\AppData\Local\Temp
TEMP=C:\Users\emisi\AppData\Local\Temp



---------------  S Y S T E M  ---------------

OS:
 Windows 11 , 64 bit Build 22621 (10.0.22621.2506)
OS uptime: 1 days 2:54 hours

CPU: total 20 (initial active 20) (10 cores per cpu, 2 threads per core) family 6 model 154 stepping 3 microcode 0x42c, cx8, cmov, fxsr, ht, mmx, 3dnowpref, sse, sse2, sse3, ssse3, sse4.1, sse4.2, popcnt, lzcnt, tsc, tscinvbit, avx, avx2, aes, erms, clmul, bmi1, bmi2, adx, sha, fma, vzeroupper, clflush, clflushopt, clwb
Processor Information for processor 0
  Max Mhz: 2300, Current Mhz: 2300, Mhz Limit: 2300
Processor Information for processor 1
  Max Mhz: 2300, Current Mhz: 2300, Mhz Limit: 2300
Processor Information for processor 2
  Max Mhz: 2300, Current Mhz: 2300, Mhz Limit: 2300
Processor Information for processor 3
  Max Mhz: 2300, Current Mhz: 2300, Mhz Limit: 2300
Processor Information for processor 4
  Max Mhz: 2300, Current Mhz: 2300, Mhz Limit: 2300
Processor Information for processor 5
  Max Mhz: 2300, Current Mhz: 2300, Mhz Limit: 2300
Processor Information for processor 6
  Max Mhz: 2300, Current Mhz: 2300, Mhz Limit: 2300
Processor Information for processor 7
  Max Mhz: 2300, Current Mhz: 2300, Mhz Limit: 2300
Processor Information for processor 8
  Max Mhz: 2300, Current Mhz: 2300, Mhz Limit: 2300
Processor Information for processor 9
  Max Mhz: 2300, Current Mhz: 2300, Mhz Limit: 2300
Processor Information for processor 10
  Max Mhz: 2300, Current Mhz: 2300, Mhz Limit: 2300
Processor Information for processor 11
  Max Mhz: 2300, Current Mhz: 2300, Mhz Limit: 2300
Processor Information for processor 12
  Max Mhz: 2300, Current Mhz: 1700, Mhz Limit: 1679
Processor Information for processor 13
  Max Mhz: 2300, Current Mhz: 1700, Mhz Limit: 1679
Processor Information for processor 14
  Max Mhz: 2300, Current Mhz: 1500, Mhz Limit: 1679
Processor Information for processor 15
  Max Mhz: 2300, Current Mhz: 1700, Mhz Limit: 1679
Processor Information for processor 16
  Max Mhz: 2300, Current Mhz: 1500, Mhz Limit: 1679
Processor Information for processor 17
  Max Mhz: 2300, Current Mhz: 1700, Mhz Limit: 1679
Processor Information for processor 18
  Max Mhz: 2300, Current Mhz: 1700, Mhz Limit: 1679
Processor Information for processor 19
  Max Mhz: 2300, Current Mhz: 1500, Mhz Limit: 1679

Memory: 4k page, system-wide physical 16051M (3331M free)
TotalPageFile size 65203M (AvailPageFile size 89M)
current process WorkingSet (physical memory assigned to process): 11M, peak: 11M
current process commit charge ("private bytes"): 75M, peak: 327M

vm_info: OpenJDK 64-Bit Server VM (17.0.8.1+1) for windows-amd64 JRE (17.0.8.1+1), built on Aug 23 2023 15:29:17 by "admin" with MS VC++ 16.7 (VS2019)

END.
