#
# There is insufficient memory for the Java Runtime Environment to continue.
# Native memory allocation (mmap) failed to map 65536 bytes for Failed to commit metaspace.
# Possible reasons:
#   The system is out of physical RAM or swap space
#   The process is running with CompressedOops enabled, and the Java Heap may be blocking the growth of the native heap
# Possible solutions:
#   Reduce memory load on the system
#   Increase physical memory or swap space
#   Check if swap backing store is full
#   Decrease Java heap size (-Xmx/-Xms)
#   Decrease number of Java threads
#   Decrease Java thread stack sizes (-Xss)
#   Set larger code cache with -XX:ReservedCodeCacheSize=
#   JVM is running with Zero Based Compressed Oops mode in which the Java heap is
#     placed in the first 32GB address space. The Java Heap base address is the
#     maximum limit for the native heap growth. Please use -XX:HeapBaseMinAddress
#     to set the Java Heap base and to place the Java Heap above 32GB virtual address.
# This output file may be truncated or incomplete.
#
#  Out of Memory Error (virtualSpaceNode.cpp:110), pid=4128, tid=27104
#
# JRE version: OpenJDK Runtime Environment Temurin-17.0.8.1+1 (17.0.8.1+1) (build 17.0.8.1+1)
# Java VM: OpenJDK 64-Bit Server VM Temurin-17.0.8.1+1 (17.0.8.1+1, mixed mode, tiered, compressed oops, compressed class ptrs, g1 gc, windows-amd64)
# No core dump will be written. Minidumps are not enabled by default on client versions of Windows
#

---------------  S U M M A R Y ------------

Command Line: -Dfile.encoding=UTF-8 --module-path=C:\Users\emisi\Documents\1DAM\Programacion\Tema2\Proyecto_Emanuel_Hosu\bin -XX:+ShowCodeDetailsInExceptionMessages -Djdk.module.main=Proyecto_Emanuel_Hosu Proyecto_Emanuel_Hosu/SimonDice.Main

Host: 12th Gen Intel(R) Core(TM) i7-12700H, 20 cores, 15G,  Windows 11 , 64 bit Build 22621 (10.0.22621.2506)
Time: Thu Jan 11 13:40:13 2024 Hora estándar romance elapsed time: 0.109450 seconds (0d 0h 0m 0s)

---------------  T H R E A D  ---------------

Current thread (0x0000023006d67840):  JavaThread "main" [_thread_in_vm, id=27104, stack(0x0000007d70400000,0x0000007d70500000)]

Stack: [0x0000007d70400000,0x0000007d70500000]
Native frames: (J=compiled Java code, j=interpreted, Vv=VM code, C=native code)
V  [jvm.dll+0x678b0a]
V  [jvm.dll+0x835e84]
V  [jvm.dll+0x83762e]
V  [jvm.dll+0x837c93]
V  [jvm.dll+0x24746f]
V  [jvm.dll+0x831f1b]
V  [jvm.dll+0x61d3c6]
V  [jvm.dll+0x61d42a]
V  [jvm.dll+0x61fc5a]
V  [jvm.dll+0x61dd66]
V  [jvm.dll+0x627c47]
V  [jvm.dll+0x1eb90b]
V  [jvm.dll+0x1ebe45]
V  [jvm.dll+0x1ec87f]
V  [jvm.dll+0x1e1d21]
V  [jvm.dll+0x53fba0]
V  [jvm.dll+0x1f2607]
V  [jvm.dll+0x7b06ab]
V  [jvm.dll+0x7b1a52]
V  [jvm.dll+0x7b1d88]
V  [jvm.dll+0x23f76e]
V  [jvm.dll+0x23f9bf]
V  [jvm.dll+0x55d333]
V  [jvm.dll+0x55f7b4]
V  [jvm.dll+0x3854bb]
V  [jvm.dll+0x384f72]
C  0x00000230118889bf

Java frames: (J=compiled Java code, j=interpreted, Vv=VM code)
j  sun.util.resources.LocaleData.<clinit>()V+0 java.base@17.0.8.1
v  ~StubRoutines::call_stub
j  sun.util.locale.provider.JRELocaleProviderAdapter.getLocaleData()Lsun/util/resources/LocaleData;+19 java.base@17.0.8.1
j  sun.util.locale.provider.LocaleResources.<init>(Lsun/util/locale/provider/ResourceBundleBasedAdapter;Ljava/util/Locale;)V+33 java.base@17.0.8.1
j  sun.util.locale.provider.JRELocaleProviderAdapter.getLocaleResources(Ljava/util/Locale;)Lsun/util/locale/provider/LocaleResources;+24 java.base@17.0.8.1
j  sun.util.locale.provider.NumberFormatProviderImpl.getInstance(Ljava/util/Locale;I)Ljava/text/NumberFormat;+42 java.base@17.0.8.1
j  sun.util.locale.provider.NumberFormatProviderImpl.getNumberInstance(Ljava/util/Locale;)Ljava/text/NumberFormat;+3 java.base@17.0.8.1
j  java.text.NumberFormat.getInstance(Lsun/util/locale/provider/LocaleProviderAdapter;Ljava/util/Locale;Ljava/text/NumberFormat$Style;I)Ljava/text/NumberFormat;+47 java.base@17.0.8.1
j  java.text.NumberFormat.getInstance(Ljava/util/Locale;Ljava/text/NumberFormat$Style;I)Ljava/text/NumberFormat;+11 java.base@17.0.8.1
j  java.text.NumberFormat.getNumberInstance(Ljava/util/Locale;)Ljava/text/NumberFormat;+3 java.base@17.0.8.1
j  java.util.Scanner.useLocale(Ljava/util/Locale;)Ljava/util/Scanner;+31 java.base@17.0.8.1
j  java.util.Scanner.<init>(Ljava/lang/Readable;Ljava/util/regex/Pattern;)V+243 java.base@17.0.8.1
j  java.util.Scanner.<init>(Ljava/io/InputStream;)V+12 java.base@17.0.8.1
j  SimonDice.Engine.start()V+7 Proyecto_Emanuel_Hosu
j  SimonDice.Main.main([Ljava/lang/String;)V+9 Proyecto_Emanuel_Hosu
v  ~StubRoutines::call_stub

---------------  P R O C E S S  ---------------

Threads class SMR info:
_java_thread_list=0x0000023026a40870, length=15, elements={
0x0000023006d67840, 0x0000023026793030, 0x00000230267946c0, 0x00000230267ba280,
0x00000230267bae40, 0x00000230267bd810, 0x00000230267ca200, 0x00000230267ce3f0,
0x00000230267ceea0, 0x00000230267e0060, 0x000002302685c8f0, 0x00000230269fd820,
0x00000230269ff3c0, 0x00000230269ff8e0, 0x0000023026a6e870
}

Java Threads: ( => current thread )
=>0x0000023006d67840 JavaThread "main" [_thread_in_vm, id=27104, stack(0x0000007d70400000,0x0000007d70500000)]
  0x0000023026793030 JavaThread "Reference Handler" daemon [_thread_blocked, id=20264, stack(0x0000007d70b00000,0x0000007d70c00000)]
  0x00000230267946c0 JavaThread "Finalizer" daemon [_thread_blocked, id=30424, stack(0x0000007d70c00000,0x0000007d70d00000)]
  0x00000230267ba280 JavaThread "Signal Dispatcher" daemon [_thread_blocked, id=26064, stack(0x0000007d70d00000,0x0000007d70e00000)]
  0x00000230267bae40 JavaThread "Attach Listener" daemon [_thread_blocked, id=6532, stack(0x0000007d70e00000,0x0000007d70f00000)]
  0x00000230267bd810 JavaThread "Service Thread" daemon [_thread_blocked, id=1644, stack(0x0000007d70f00000,0x0000007d71000000)]
  0x00000230267ca200 JavaThread "Monitor Deflation Thread" daemon [_thread_blocked, id=20896, stack(0x0000007d71000000,0x0000007d71100000)]
  0x00000230267ce3f0 JavaThread "C2 CompilerThread0" daemon [_thread_blocked, id=20708, stack(0x0000007d71100000,0x0000007d71200000)]
  0x00000230267ceea0 JavaThread "C1 CompilerThread0" daemon [_thread_blocked, id=30076, stack(0x0000007d71200000,0x0000007d71300000)]
  0x00000230267e0060 JavaThread "Sweeper thread" daemon [_thread_blocked, id=3612, stack(0x0000007d71300000,0x0000007d71400000)]
  0x000002302685c8f0 JavaThread "Common-Cleaner" daemon [_thread_blocked, id=22380, stack(0x0000007d71400000,0x0000007d71500000)]
  0x00000230269fd820 JavaThread "C1 CompilerThread1" daemon [_thread_blocked, id=26080, stack(0x0000007d71500000,0x0000007d71600000)]
  0x00000230269ff3c0 JavaThread "C1 CompilerThread2" daemon [_thread_blocked, id=19372, stack(0x0000007d71600000,0x0000007d71700000)]
  0x00000230269ff8e0 JavaThread "C1 CompilerThread3" daemon [_thread_blocked, id=6876, stack(0x0000007d71700000,0x0000007d71800000)]
  0x0000023026a6e870 JavaThread "Notification Thread" daemon [_thread_blocked, id=15480, stack(0x0000007d71800000,0x0000007d71900000)]

Other Threads:
  0x0000023026712c70 VMThread "VM Thread" [stack: 0x0000007d70a00000,0x0000007d70b00000] [id=29592]
  0x00000230261da010 WatcherThread [stack: 0x0000007d71900000,0x0000007d71a00000] [id=21932]
  0x0000023006dd3a00 GCTaskThread "GC Thread#0" [stack: 0x0000007d70500000,0x0000007d70600000] [id=28676]
  0x0000023006de4420 ConcurrentGCThread "G1 Main Marker" [stack: 0x0000007d70600000,0x0000007d70700000] [id=6540]
  0x0000023006de4e30 ConcurrentGCThread "G1 Conc#0" [stack: 0x0000007d70700000,0x0000007d70800000] [id=2632]
  0x00000230262914a0 ConcurrentGCThread "G1 Refine#0" [stack: 0x0000007d70800000,0x0000007d70900000] [id=28824]
  0x0000023026293ee0 ConcurrentGCThread "G1 Service" [stack: 0x0000007d70900000,0x0000007d70a00000] [id=31568]

Threads with active compile tasks:

VM state: not at safepoint (normal execution)

VM Mutex/Monitor currently owned by a thread:  ([mutex/lock_event])
[0x0000023006d60090] Metaspace_lock - owner thread: 0x0000023006d67840

Heap address: 0x0000000705200000, size: 4014 MB, Compressed Oops mode: Zero based, Oop shift amount: 3

CDS archive(s) not mapped
Compressed class space mapped at: 0x0000000800000000-0x0000000840000000, reserved size: 1073741824
Narrow klass base: 0x0000000800000000, Narrow klass shift: 0, Narrow klass range: 0x40000000

GC Precious Log:
 CPUs: 20 total, 20 available
 Memory: 16051M
 Large Page Support: Disabled
 NUMA Support: Disabled
 Compressed Oops: Enabled (Zero based)
 Heap Region Size: 2M
 Heap Min Capacity: 8M
 Heap Initial Capacity: 252M
 Heap Max Capacity: 4014M
 Pre-touch: Disabled
 Parallel Workers: 15
 Concurrent Workers: 4
 Concurrent Refinement Workers: 15
 Periodic GC: Disabled

Heap:
 garbage-first heap   total 258048K, used 2048K [0x0000000705200000, 0x0000000800000000)
  region size 2048K, 2 young (4096K), 0 survivors (0K)
 Metaspace       used 7007K, committed 7168K, reserved 1114112K
  class space    used 611K, committed 704K, reserved 1048576K

Heap Regions: E=young(eden), S=young(survivor), O=old, HS=humongous(starts), HC=humongous(continues), CS=collection set, F=free, OA=open archive, CA=closed archive, TAMS=top-at-mark-start (previous, next)
|   0|0x0000000705200000, 0x0000000705200000, 0x0000000705400000|  0%| F|  |TAMS 0x0000000705200000, 0x0000000705200000| Untracked 
|   1|0x0000000705400000, 0x0000000705400000, 0x0000000705600000|  0%| F|  |TAMS 0x0000000705400000, 0x0000000705400000| Untracked 
|   2|0x0000000705600000, 0x0000000705600000, 0x0000000705800000|  0%| F|  |TAMS 0x0000000705600000, 0x0000000705600000| Untracked 
|   3|0x0000000705800000, 0x0000000705800000, 0x0000000705a00000|  0%| F|  |TAMS 0x0000000705800000, 0x0000000705800000| Untracked 
|   4|0x0000000705a00000, 0x0000000705a00000, 0x0000000705c00000|  0%| F|  |TAMS 0x0000000705a00000, 0x0000000705a00000| Untracked 
|   5|0x0000000705c00000, 0x0000000705c00000, 0x0000000705e00000|  0%| F|  |TAMS 0x0000000705c00000, 0x0000000705c00000| Untracked 
|   6|0x0000000705e00000, 0x0000000705e00000, 0x0000000706000000|  0%| F|  |TAMS 0x0000000705e00000, 0x0000000705e00000| Untracked 
|   7|0x0000000706000000, 0x0000000706000000, 0x0000000706200000|  0%| F|  |TAMS 0x0000000706000000, 0x0000000706000000| Untracked 
|   8|0x0000000706200000, 0x0000000706200000, 0x0000000706400000|  0%| F|  |TAMS 0x0000000706200000, 0x0000000706200000| Untracked 
|   9|0x0000000706400000, 0x0000000706400000, 0x0000000706600000|  0%| F|  |TAMS 0x0000000706400000, 0x0000000706400000| Untracked 
|  10|0x0000000706600000, 0x0000000706600000, 0x0000000706800000|  0%| F|  |TAMS 0x0000000706600000, 0x0000000706600000| Untracked 
|  11|0x0000000706800000, 0x0000000706800000, 0x0000000706a00000|  0%| F|  |TAMS 0x0000000706800000, 0x0000000706800000| Untracked 
|  12|0x0000000706a00000, 0x0000000706a00000, 0x0000000706c00000|  0%| F|  |TAMS 0x0000000706a00000, 0x0000000706a00000| Untracked 
|  13|0x0000000706c00000, 0x0000000706c00000, 0x0000000706e00000|  0%| F|  |TAMS 0x0000000706c00000, 0x0000000706c00000| Untracked 
|  14|0x0000000706e00000, 0x0000000706e00000, 0x0000000707000000|  0%| F|  |TAMS 0x0000000706e00000, 0x0000000706e00000| Untracked 
|  15|0x0000000707000000, 0x0000000707000000, 0x0000000707200000|  0%| F|  |TAMS 0x0000000707000000, 0x0000000707000000| Untracked 
|  16|0x0000000707200000, 0x0000000707200000, 0x0000000707400000|  0%| F|  |TAMS 0x0000000707200000, 0x0000000707200000| Untracked 
|  17|0x0000000707400000, 0x0000000707400000, 0x0000000707600000|  0%| F|  |TAMS 0x0000000707400000, 0x0000000707400000| Untracked 
|  18|0x0000000707600000, 0x0000000707600000, 0x0000000707800000|  0%| F|  |TAMS 0x0000000707600000, 0x0000000707600000| Untracked 
|  19|0x0000000707800000, 0x0000000707800000, 0x0000000707a00000|  0%| F|  |TAMS 0x0000000707800000, 0x0000000707800000| Untracked 
|  20|0x0000000707a00000, 0x0000000707a00000, 0x0000000707c00000|  0%| F|  |TAMS 0x0000000707a00000, 0x0000000707a00000| Untracked 
|  21|0x0000000707c00000, 0x0000000707c00000, 0x0000000707e00000|  0%| F|  |TAMS 0x0000000707c00000, 0x0000000707c00000| Untracked 
|  22|0x0000000707e00000, 0x0000000707e00000, 0x0000000708000000|  0%| F|  |TAMS 0x0000000707e00000, 0x0000000707e00000| Untracked 
|  23|0x0000000708000000, 0x0000000708000000, 0x0000000708200000|  0%| F|  |TAMS 0x0000000708000000, 0x0000000708000000| Untracked 
|  24|0x0000000708200000, 0x0000000708200000, 0x0000000708400000|  0%| F|  |TAMS 0x0000000708200000, 0x0000000708200000| Untracked 
|  25|0x0000000708400000, 0x0000000708400000, 0x0000000708600000|  0%| F|  |TAMS 0x0000000708400000, 0x0000000708400000| Untracked 
|  26|0x0000000708600000, 0x0000000708600000, 0x0000000708800000|  0%| F|  |TAMS 0x0000000708600000, 0x0000000708600000| Untracked 
|  27|0x0000000708800000, 0x0000000708800000, 0x0000000708a00000|  0%| F|  |TAMS 0x0000000708800000, 0x0000000708800000| Untracked 
|  28|0x0000000708a00000, 0x0000000708a00000, 0x0000000708c00000|  0%| F|  |TAMS 0x0000000708a00000, 0x0000000708a00000| Untracked 
|  29|0x0000000708c00000, 0x0000000708c00000, 0x0000000708e00000|  0%| F|  |TAMS 0x0000000708c00000, 0x0000000708c00000| Untracked 
|  30|0x0000000708e00000, 0x0000000708e00000, 0x0000000709000000|  0%| F|  |TAMS 0x0000000708e00000, 0x0000000708e00000| Untracked 
|  31|0x0000000709000000, 0x0000000709000000, 0x0000000709200000|  0%| F|  |TAMS 0x0000000709000000, 0x0000000709000000| Untracked 
|  32|0x0000000709200000, 0x0000000709200000, 0x0000000709400000|  0%| F|  |TAMS 0x0000000709200000, 0x0000000709200000| Untracked 
|  33|0x0000000709400000, 0x0000000709400000, 0x0000000709600000|  0%| F|  |TAMS 0x0000000709400000, 0x0000000709400000| Untracked 
|  34|0x0000000709600000, 0x0000000709600000, 0x0000000709800000|  0%| F|  |TAMS 0x0000000709600000, 0x0000000709600000| Untracked 
|  35|0x0000000709800000, 0x0000000709800000, 0x0000000709a00000|  0%| F|  |TAMS 0x0000000709800000, 0x0000000709800000| Untracked 
|  36|0x0000000709a00000, 0x0000000709a00000, 0x0000000709c00000|  0%| F|  |TAMS 0x0000000709a00000, 0x0000000709a00000| Untracked 
|  37|0x0000000709c00000, 0x0000000709c00000, 0x0000000709e00000|  0%| F|  |TAMS 0x0000000709c00000, 0x0000000709c00000| Untracked 
|  38|0x0000000709e00000, 0x0000000709e00000, 0x000000070a000000|  0%| F|  |TAMS 0x0000000709e00000, 0x0000000709e00000| Untracked 
|  39|0x000000070a000000, 0x000000070a000000, 0x000000070a200000|  0%| F|  |TAMS 0x000000070a000000, 0x000000070a000000| Untracked 
|  40|0x000000070a200000, 0x000000070a200000, 0x000000070a400000|  0%| F|  |TAMS 0x000000070a200000, 0x000000070a200000| Untracked 
|  41|0x000000070a400000, 0x000000070a400000, 0x000000070a600000|  0%| F|  |TAMS 0x000000070a400000, 0x000000070a400000| Untracked 
|  42|0x000000070a600000, 0x000000070a600000, 0x000000070a800000|  0%| F|  |TAMS 0x000000070a600000, 0x000000070a600000| Untracked 
|  43|0x000000070a800000, 0x000000070a800000, 0x000000070aa00000|  0%| F|  |TAMS 0x000000070a800000, 0x000000070a800000| Untracked 
|  44|0x000000070aa00000, 0x000000070aa00000, 0x000000070ac00000|  0%| F|  |TAMS 0x000000070aa00000, 0x000000070aa00000| Untracked 
|  45|0x000000070ac00000, 0x000000070ac00000, 0x000000070ae00000|  0%| F|  |TAMS 0x000000070ac00000, 0x000000070ac00000| Untracked 
|  46|0x000000070ae00000, 0x000000070ae00000, 0x000000070b000000|  0%| F|  |TAMS 0x000000070ae00000, 0x000000070ae00000| Untracked 
|  47|0x000000070b000000, 0x000000070b000000, 0x000000070b200000|  0%| F|  |TAMS 0x000000070b000000, 0x000000070b000000| Untracked 
|  48|0x000000070b200000, 0x000000070b200000, 0x000000070b400000|  0%| F|  |TAMS 0x000000070b200000, 0x000000070b200000| Untracked 
|  49|0x000000070b400000, 0x000000070b400000, 0x000000070b600000|  0%| F|  |TAMS 0x000000070b400000, 0x000000070b400000| Untracked 
|  50|0x000000070b600000, 0x000000070b600000, 0x000000070b800000|  0%| F|  |TAMS 0x000000070b600000, 0x000000070b600000| Untracked 
|  51|0x000000070b800000, 0x000000070b800000, 0x000000070ba00000|  0%| F|  |TAMS 0x000000070b800000, 0x000000070b800000| Untracked 
|  52|0x000000070ba00000, 0x000000070ba00000, 0x000000070bc00000|  0%| F|  |TAMS 0x000000070ba00000, 0x000000070ba00000| Untracked 
|  53|0x000000070bc00000, 0x000000070bc00000, 0x000000070be00000|  0%| F|  |TAMS 0x000000070bc00000, 0x000000070bc00000| Untracked 
|  54|0x000000070be00000, 0x000000070be00000, 0x000000070c000000|  0%| F|  |TAMS 0x000000070be00000, 0x000000070be00000| Untracked 
|  55|0x000000070c000000, 0x000000070c000000, 0x000000070c200000|  0%| F|  |TAMS 0x000000070c000000, 0x000000070c000000| Untracked 
|  56|0x000000070c200000, 0x000000070c200000, 0x000000070c400000|  0%| F|  |TAMS 0x000000070c200000, 0x000000070c200000| Untracked 
|  57|0x000000070c400000, 0x000000070c400000, 0x000000070c600000|  0%| F|  |TAMS 0x000000070c400000, 0x000000070c400000| Untracked 
|  58|0x000000070c600000, 0x000000070c600000, 0x000000070c800000|  0%| F|  |TAMS 0x000000070c600000, 0x000000070c600000| Untracked 
|  59|0x000000070c800000, 0x000000070c800000, 0x000000070ca00000|  0%| F|  |TAMS 0x000000070c800000, 0x000000070c800000| Untracked 
|  60|0x000000070ca00000, 0x000000070ca00000, 0x000000070cc00000|  0%| F|  |TAMS 0x000000070ca00000, 0x000000070ca00000| Untracked 
|  61|0x000000070cc00000, 0x000000070cc00000, 0x000000070ce00000|  0%| F|  |TAMS 0x000000070cc00000, 0x000000070cc00000| Untracked 
|  62|0x000000070ce00000, 0x000000070ce00000, 0x000000070d000000|  0%| F|  |TAMS 0x000000070ce00000, 0x000000070ce00000| Untracked 
|  63|0x000000070d000000, 0x000000070d000000, 0x000000070d200000|  0%| F|  |TAMS 0x000000070d000000, 0x000000070d000000| Untracked 
|  64|0x000000070d200000, 0x000000070d200000, 0x000000070d400000|  0%| F|  |TAMS 0x000000070d200000, 0x000000070d200000| Untracked 
|  65|0x000000070d400000, 0x000000070d400000, 0x000000070d600000|  0%| F|  |TAMS 0x000000070d400000, 0x000000070d400000| Untracked 
|  66|0x000000070d600000, 0x000000070d600000, 0x000000070d800000|  0%| F|  |TAMS 0x000000070d600000, 0x000000070d600000| Untracked 
|  67|0x000000070d800000, 0x000000070d800000, 0x000000070da00000|  0%| F|  |TAMS 0x000000070d800000, 0x000000070d800000| Untracked 
|  68|0x000000070da00000, 0x000000070da00000, 0x000000070dc00000|  0%| F|  |TAMS 0x000000070da00000, 0x000000070da00000| Untracked 
|  69|0x000000070dc00000, 0x000000070dc00000, 0x000000070de00000|  0%| F|  |TAMS 0x000000070dc00000, 0x000000070dc00000| Untracked 
|  70|0x000000070de00000, 0x000000070de00000, 0x000000070e000000|  0%| F|  |TAMS 0x000000070de00000, 0x000000070de00000| Untracked 
|  71|0x000000070e000000, 0x000000070e000000, 0x000000070e200000|  0%| F|  |TAMS 0x000000070e000000, 0x000000070e000000| Untracked 
|  72|0x000000070e200000, 0x000000070e200000, 0x000000070e400000|  0%| F|  |TAMS 0x000000070e200000, 0x000000070e200000| Untracked 
|  73|0x000000070e400000, 0x000000070e400000, 0x000000070e600000|  0%| F|  |TAMS 0x000000070e400000, 0x000000070e400000| Untracked 
|  74|0x000000070e600000, 0x000000070e600000, 0x000000070e800000|  0%| F|  |TAMS 0x000000070e600000, 0x000000070e600000| Untracked 
|  75|0x000000070e800000, 0x000000070e800000, 0x000000070ea00000|  0%| F|  |TAMS 0x000000070e800000, 0x000000070e800000| Untracked 
|  76|0x000000070ea00000, 0x000000070ea00000, 0x000000070ec00000|  0%| F|  |TAMS 0x000000070ea00000, 0x000000070ea00000| Untracked 
|  77|0x000000070ec00000, 0x000000070ec00000, 0x000000070ee00000|  0%| F|  |TAMS 0x000000070ec00000, 0x000000070ec00000| Untracked 
|  78|0x000000070ee00000, 0x000000070ee00000, 0x000000070f000000|  0%| F|  |TAMS 0x000000070ee00000, 0x000000070ee00000| Untracked 
|  79|0x000000070f000000, 0x000000070f000000, 0x000000070f200000|  0%| F|  |TAMS 0x000000070f000000, 0x000000070f000000| Untracked 
|  80|0x000000070f200000, 0x000000070f200000, 0x000000070f400000|  0%| F|  |TAMS 0x000000070f200000, 0x000000070f200000| Untracked 
|  81|0x000000070f400000, 0x000000070f400000, 0x000000070f600000|  0%| F|  |TAMS 0x000000070f400000, 0x000000070f400000| Untracked 
|  82|0x000000070f600000, 0x000000070f600000, 0x000000070f800000|  0%| F|  |TAMS 0x000000070f600000, 0x000000070f600000| Untracked 
|  83|0x000000070f800000, 0x000000070f800000, 0x000000070fa00000|  0%| F|  |TAMS 0x000000070f800000, 0x000000070f800000| Untracked 
|  84|0x000000070fa00000, 0x000000070fa00000, 0x000000070fc00000|  0%| F|  |TAMS 0x000000070fa00000, 0x000000070fa00000| Untracked 
|  85|0x000000070fc00000, 0x000000070fc00000, 0x000000070fe00000|  0%| F|  |TAMS 0x000000070fc00000, 0x000000070fc00000| Untracked 
|  86|0x000000070fe00000, 0x000000070fe00000, 0x0000000710000000|  0%| F|  |TAMS 0x000000070fe00000, 0x000000070fe00000| Untracked 
|  87|0x0000000710000000, 0x0000000710000000, 0x0000000710200000|  0%| F|  |TAMS 0x0000000710000000, 0x0000000710000000| Untracked 
|  88|0x0000000710200000, 0x0000000710200000, 0x0000000710400000|  0%| F|  |TAMS 0x0000000710200000, 0x0000000710200000| Untracked 
|  89|0x0000000710400000, 0x0000000710400000, 0x0000000710600000|  0%| F|  |TAMS 0x0000000710400000, 0x0000000710400000| Untracked 
|  90|0x0000000710600000, 0x0000000710600000, 0x0000000710800000|  0%| F|  |TAMS 0x0000000710600000, 0x0000000710600000| Untracked 
|  91|0x0000000710800000, 0x0000000710800000, 0x0000000710a00000|  0%| F|  |TAMS 0x0000000710800000, 0x0000000710800000| Untracked 
|  92|0x0000000710a00000, 0x0000000710a00000, 0x0000000710c00000|  0%| F|  |TAMS 0x0000000710a00000, 0x0000000710a00000| Untracked 
|  93|0x0000000710c00000, 0x0000000710c00000, 0x0000000710e00000|  0%| F|  |TAMS 0x0000000710c00000, 0x0000000710c00000| Untracked 
|  94|0x0000000710e00000, 0x0000000710e00000, 0x0000000711000000|  0%| F|  |TAMS 0x0000000710e00000, 0x0000000710e00000| Untracked 
|  95|0x0000000711000000, 0x0000000711000000, 0x0000000711200000|  0%| F|  |TAMS 0x0000000711000000, 0x0000000711000000| Untracked 
|  96|0x0000000711200000, 0x0000000711200000, 0x0000000711400000|  0%| F|  |TAMS 0x0000000711200000, 0x0000000711200000| Untracked 
|  97|0x0000000711400000, 0x0000000711400000, 0x0000000711600000|  0%| F|  |TAMS 0x0000000711400000, 0x0000000711400000| Untracked 
|  98|0x0000000711600000, 0x0000000711600000, 0x0000000711800000|  0%| F|  |TAMS 0x0000000711600000, 0x0000000711600000| Untracked 
|  99|0x0000000711800000, 0x0000000711800000, 0x0000000711a00000|  0%| F|  |TAMS 0x0000000711800000, 0x0000000711800000| Untracked 
| 100|0x0000000711a00000, 0x0000000711a00000, 0x0000000711c00000|  0%| F|  |TAMS 0x0000000711a00000, 0x0000000711a00000| Untracked 
| 101|0x0000000711c00000, 0x0000000711c00000, 0x0000000711e00000|  0%| F|  |TAMS 0x0000000711c00000, 0x0000000711c00000| Untracked 
| 102|0x0000000711e00000, 0x0000000711e00000, 0x0000000712000000|  0%| F|  |TAMS 0x0000000711e00000, 0x0000000711e00000| Untracked 
| 103|0x0000000712000000, 0x0000000712000000, 0x0000000712200000|  0%| F|  |TAMS 0x0000000712000000, 0x0000000712000000| Untracked 
| 104|0x0000000712200000, 0x0000000712200000, 0x0000000712400000|  0%| F|  |TAMS 0x0000000712200000, 0x0000000712200000| Untracked 
| 105|0x0000000712400000, 0x0000000712400000, 0x0000000712600000|  0%| F|  |TAMS 0x0000000712400000, 0x0000000712400000| Untracked 
| 106|0x0000000712600000, 0x0000000712600000, 0x0000000712800000|  0%| F|  |TAMS 0x0000000712600000, 0x0000000712600000| Untracked 
| 107|0x0000000712800000, 0x0000000712800000, 0x0000000712a00000|  0%| F|  |TAMS 0x0000000712800000, 0x0000000712800000| Untracked 
| 108|0x0000000712a00000, 0x0000000712a00000, 0x0000000712c00000|  0%| F|  |TAMS 0x0000000712a00000, 0x0000000712a00000| Untracked 
| 109|0x0000000712c00000, 0x0000000712c00000, 0x0000000712e00000|  0%| F|  |TAMS 0x0000000712c00000, 0x0000000712c00000| Untracked 
| 110|0x0000000712e00000, 0x0000000712e00000, 0x0000000713000000|  0%| F|  |TAMS 0x0000000712e00000, 0x0000000712e00000| Untracked 
| 111|0x0000000713000000, 0x0000000713000000, 0x0000000713200000|  0%| F|  |TAMS 0x0000000713000000, 0x0000000713000000| Untracked 
| 112|0x0000000713200000, 0x0000000713200000, 0x0000000713400000|  0%| F|  |TAMS 0x0000000713200000, 0x0000000713200000| Untracked 
| 113|0x0000000713400000, 0x0000000713400000, 0x0000000713600000|  0%| F|  |TAMS 0x0000000713400000, 0x0000000713400000| Untracked 
| 114|0x0000000713600000, 0x0000000713600000, 0x0000000713800000|  0%| F|  |TAMS 0x0000000713600000, 0x0000000713600000| Untracked 
| 115|0x0000000713800000, 0x0000000713800000, 0x0000000713a00000|  0%| F|  |TAMS 0x0000000713800000, 0x0000000713800000| Untracked 
| 116|0x0000000713a00000, 0x0000000713a00000, 0x0000000713c00000|  0%| F|  |TAMS 0x0000000713a00000, 0x0000000713a00000| Untracked 
| 117|0x0000000713c00000, 0x0000000713c00000, 0x0000000713e00000|  0%| F|  |TAMS 0x0000000713c00000, 0x0000000713c00000| Untracked 
| 118|0x0000000713e00000, 0x0000000713e00000, 0x0000000714000000|  0%| F|  |TAMS 0x0000000713e00000, 0x0000000713e00000| Untracked 
| 119|0x0000000714000000, 0x0000000714000000, 0x0000000714200000|  0%| F|  |TAMS 0x0000000714000000, 0x0000000714000000| Untracked 
| 120|0x0000000714200000, 0x0000000714200000, 0x0000000714400000|  0%| F|  |TAMS 0x0000000714200000, 0x0000000714200000| Untracked 
| 121|0x0000000714400000, 0x0000000714400000, 0x0000000714600000|  0%| F|  |TAMS 0x0000000714400000, 0x0000000714400000| Untracked 
| 122|0x0000000714600000, 0x0000000714600000, 0x0000000714800000|  0%| F|  |TAMS 0x0000000714600000, 0x0000000714600000| Untracked 
| 123|0x0000000714800000, 0x0000000714800000, 0x0000000714a00000|  0%| F|  |TAMS 0x0000000714800000, 0x0000000714800000| Untracked 
| 124|0x0000000714a00000, 0x0000000714bc3148, 0x0000000714c00000| 88%| E|  |TAMS 0x0000000714a00000, 0x0000000714a00000| Complete 
| 125|0x0000000714c00000, 0x0000000714e00000, 0x0000000714e00000|100%| E|CS|TAMS 0x0000000714c00000, 0x0000000714c00000| Complete 

Card table byte_map: [0x000002301a6c0000,0x000002301aea0000] _byte_map_base: 0x0000023016e97000

Marking Bits (Prev, Next): (CMBitMap*) 0x0000023006dd4020, (CMBitMap*) 0x0000023006dd4060
 Prev Bits: [0x000002301b680000, 0x000002301f538000)
 Next Bits: [0x000002301f540000, 0x00000230233f8000)

Polling page: 0x0000023006520000

Metaspace:

Usage:
  Non-class:      6.25 MB used.
      Class:    611.43 KB used.
       Both:      6.84 MB used.

Virtual space:
  Non-class space:       64.00 MB reserved,       6.31 MB ( 10%) committed,  1 nodes.
      Class space:        1.00 GB reserved,     704.00 KB ( <1%) committed,  1 nodes.
             Both:        1.06 GB reserved,       7.00 MB ( <1%) committed. 

Chunk freelists:
   Non-Class:  9.00 MB
       Class:  15.24 MB
        Both:  24.24 MB

MaxMetaspaceSize: unlimited
CompressedClassSpaceSize: 1.00 GB
Initial GC threshold: 21.00 MB
Current GC threshold: 21.00 MB
CDS: off
MetaspaceReclaimPolicy: balanced
 - commit_granule_bytes: 65536.
 - commit_granule_words: 8192.
 - virtual_space_node_default_size: 8388608.
 - enlarge_chunks_in_place: 1.
 - new_chunks_are_fully_committed: 0.
 - uncommit_free_chunks: 1.
 - use_allocation_guard: 0.
 - handle_deallocations: 1.


Internal statistics:

num_allocs_failed_limit: 0.
num_arena_births: 12.
num_arena_deaths: 0.
num_vsnodes_births: 2.
num_vsnodes_deaths: 0.
num_space_committed: 112.
num_space_uncommitted: 0.
num_chunks_returned_to_freelist: 0.
num_chunks_taken_from_freelist: 29.
num_chunk_merges: 0.
num_chunk_splits: 13.
num_chunks_enlarged: 5.
num_inconsistent_stats: 0.

CodeHeap 'non-profiled nmethods': size=119168Kb used=63Kb max_used=63Kb free=119104Kb
 bounds [0x0000023011fc0000, 0x0000023012230000, 0x0000023019420000]
CodeHeap 'profiled nmethods': size=119104Kb used=304Kb max_used=304Kb free=118799Kb
 bounds [0x000002300a420000, 0x000002300a690000, 0x0000023011870000]
CodeHeap 'non-nmethods': size=7488Kb used=2797Kb max_used=2813Kb free=4690Kb
 bounds [0x0000023011870000, 0x0000023011b40000, 0x0000023011fc0000]
 total_blobs=609 nmethods=223 adapters=296
 compilation: enabled
              stopped_count=0, restarted_count=0
 full_count=0

Compilation events (20 events):
Event: 0.100 Thread 0x00000230269ff3c0 nmethod 211 0x000002300a465890 code [0x000002300a465a60, 0x000002300a465da8]
Event: 0.102 Thread 0x00000230269ff3c0  212       3       java.lang.ref.Reference::reachabilityFence (1 bytes)
Event: 0.102 Thread 0x00000230269ff3c0 nmethod 212 0x000002300a465f10 code [0x000002300a4660a0, 0x000002300a466198]
Event: 0.103 Thread 0x00000230269ff3c0  213       3       java.lang.invoke.MethodType::checkPtypes (76 bytes)
Event: 0.103 Thread 0x00000230269fd820  215       3       java.lang.String::replace (42 bytes)
Event: 0.103 Thread 0x00000230269ff8e0  216       3       jdk.internal.misc.Unsafe::allocateUninitializedArray (55 bytes)
Event: 0.103 Thread 0x00000230269fd820 nmethod 215 0x000002300a466210 code [0x000002300a4663e0, 0x000002300a466718]
Event: 0.103 Thread 0x00000230269ff3c0 nmethod 213 0x000002300a466810 code [0x000002300a466a80, 0x000002300a4673e8]
Event: 0.103 Thread 0x00000230269ff8e0 nmethod 216 0x000002300a467790 code [0x000002300a467980, 0x000002300a467df8]
Event: 0.105 Thread 0x00000230269ff8e0  219       3       java.util.StringTokenizer::scanToken (179 bytes)
Event: 0.105 Thread 0x00000230267ceea0  218       3       java.util.StringTokenizer::skipDelimiters (116 bytes)
Event: 0.105 Thread 0x00000230267ce3f0  217       4       java.lang.String::charAt (25 bytes)
Event: 0.106 Thread 0x00000230269ff3c0  221       3       java.util.StringTokenizer::nextToken (92 bytes)
Event: 0.106 Thread 0x00000230269fd820  220       3       java.util.StringTokenizer::hasMoreTokens (29 bytes)
Event: 0.106 Thread 0x00000230269fd820 nmethod 220 0x000002300a467f90 code [0x000002300a468140, 0x000002300a4682e8]
Event: 0.106 Thread 0x00000230267ceea0 nmethod 218 0x000002300a468390 code [0x000002300a468640, 0x000002300a4693a8]
Event: 0.106 Thread 0x00000230269ff3c0 nmethod 221 0x000002300a469890 code [0x000002300a469a60, 0x000002300a469d98]
Event: 0.106 Thread 0x00000230267ce3f0 nmethod 217 0x0000023011fce610 code [0x0000023011fce7a0, 0x0000023011fce888]
Event: 0.106 Thread 0x00000230267ce3f0  222       4       java.util.HashMap::putVal (300 bytes)
Event: 0.106 Thread 0x00000230269ff8e0 nmethod 219 0x000002300a469f10 code [0x000002300a46a280, 0x000002300a46b8d8]

GC Heap History (0 events):
No events

Dll operation events (5 events):
Event: 0.004 Loaded shared library C:\Users\emisi\.p2\pool\plugins\org.eclipse.justj.openjdk.hotspot.jre.full.win32.x86_64_17.0.8.v20230831-1047\jre\bin\java.dll
Event: 0.068 Loaded shared library C:\Users\emisi\.p2\pool\plugins\org.eclipse.justj.openjdk.hotspot.jre.full.win32.x86_64_17.0.8.v20230831-1047\jre\bin\net.dll
Event: 0.069 Loaded shared library C:\Users\emisi\.p2\pool\plugins\org.eclipse.justj.openjdk.hotspot.jre.full.win32.x86_64_17.0.8.v20230831-1047\jre\bin\nio.dll
Event: 0.101 Loaded shared library C:\Users\emisi\.p2\pool\plugins\org.eclipse.justj.openjdk.hotspot.jre.full.win32.x86_64_17.0.8.v20230831-1047\jre\bin\jimage.dll
Event: 0.104 Loaded shared library C:\Users\emisi\.p2\pool\plugins\org.eclipse.justj.openjdk.hotspot.jre.full.win32.x86_64_17.0.8.v20230831-1047\jre\bin\zip.dll

Deoptimization events (8 events):
Event: 0.090 Thread 0x0000023006d67840 Uncommon trap: trap_request=0xffffff45 fr.pc=0x0000023011fc875c relative=0x000000000000005c
Event: 0.090 Thread 0x0000023006d67840 Uncommon trap: reason=unstable_if action=reinterpret pc=0x0000023011fc875c method=java.lang.String.isLatin1()Z @ 10 c2
Event: 0.090 Thread 0x0000023006d67840 DEOPT PACKING pc=0x0000023011fc875c sp=0x0000007d704fe4e0
Event: 0.090 Thread 0x0000023006d67840 DEOPT UNPACKING pc=0x00000230118c69a3 sp=0x0000007d704fe470 mode 2
Event: 0.090 Thread 0x0000023006d67840 Uncommon trap: trap_request=0xffffff45 fr.pc=0x0000023011fc8d78 relative=0x0000000000000078
Event: 0.090 Thread 0x0000023006d67840 Uncommon trap: reason=unstable_if action=reinterpret pc=0x0000023011fc8d78 method=java.lang.String.isLatin1()Z @ 10 c2
Event: 0.090 Thread 0x0000023006d67840 DEOPT PACKING pc=0x0000023011fc8d78 sp=0x0000007d704fef00
Event: 0.090 Thread 0x0000023006d67840 DEOPT UNPACKING pc=0x00000230118c69a3 sp=0x0000007d704fee40 mode 2

Classes unloaded (0 events):
No events

Classes redefined (0 events):
No events

Internal exceptions (1 events):
Event: 0.076 Thread 0x0000023006d67840 Exception <a 'java/lang/NoSuchMethodError'{0x0000000714d1df80}: 'void java.lang.invoke.DirectMethodHandle$Holder.invokeVirtual(java.lang.Object, java.lang.Object)'> (0x0000000714d1df80) 
thrown [s\src\hotspot\share\interpreter\linkResolver.cpp, line 759]

VM Operations (2 events):
Event: 0.083 Executing VM operation: HandshakeAllThreads
Event: 0.083 Executing VM operation: HandshakeAllThreads done

Events (20 events):
Event: 0.105 loading class java/util/ServiceLoader$1 done
Event: 0.105 loading class java/util/ServiceLoader$ProviderImpl
Event: 0.105 loading class java/util/ServiceLoader$Provider
Event: 0.105 loading class java/util/ServiceLoader$Provider done
Event: 0.105 loading class java/util/ServiceLoader$ProviderImpl done
Event: 0.105 loading class sun/util/locale/provider/NumberFormatProviderImpl
Event: 0.105 loading class sun/util/locale/provider/AvailableLanguageTags
Event: 0.105 loading class sun/util/locale/provider/AvailableLanguageTags done
Event: 0.105 loading class sun/util/locale/provider/NumberFormatProviderImpl done
Event: 0.105 loading class java/util/StringTokenizer
Event: 0.105 loading class java/util/StringTokenizer done
Event: 0.106 loading class sun/util/locale/provider/CalendarDataUtility
Event: 0.106 loading class sun/util/locale/provider/CalendarDataUtility done
Event: 0.106 loading class java/util/Locale$Builder
Event: 0.106 loading class java/util/Locale$Builder done
Event: 0.106 loading class sun/util/locale/provider/LocaleResources
Event: 0.107 loading class sun/util/locale/provider/LocaleResources done
Event: 0.107 loading class sun/util/resources/LocaleData
Event: 0.108 loading class sun/util/resources/LocaleData done
Event: 0.108 loading class java/util/ResourceBundle$Control


Dynamic libraries:
0x00007ff62eac0000 - 0x00007ff62eace000 	C:\Users\emisi\.p2\pool\plugins\org.eclipse.justj.openjdk.hotspot.jre.full.win32.x86_64_17.0.8.v20230831-1047\jre\bin\javaw.exe
0x00007ffab2fb0000 - 0x00007ffab31c7000 	C:\WINDOWS\SYSTEM32\ntdll.dll
0x00007ffab18b0000 - 0x00007ffab1974000 	C:\WINDOWS\System32\KERNEL32.DLL
0x00007ffab0320000 - 0x00007ffab06c6000 	C:\WINDOWS\System32\KERNELBASE.dll
0x00007ffab06d0000 - 0x00007ffab07e1000 	C:\WINDOWS\System32\ucrtbase.dll
0x00007ffa92250000 - 0x00007ffa92267000 	C:\Users\emisi\.p2\pool\plugins\org.eclipse.justj.openjdk.hotspot.jre.full.win32.x86_64_17.0.8.v20230831-1047\jre\bin\jli.dll
0x00007ffa920a0000 - 0x00007ffa920b9000 	C:\Users\emisi\.p2\pool\plugins\org.eclipse.justj.openjdk.hotspot.jre.full.win32.x86_64_17.0.8.v20230831-1047\jre\bin\VCRUNTIME140.dll
0x00007ffab1d40000 - 0x00007ffab1eee000 	C:\WINDOWS\System32\USER32.dll
0x00007ffab0ac0000 - 0x00007ffab0ae6000 	C:\WINDOWS\System32\win32u.dll
0x00007ffa85f80000 - 0x00007ffa86213000 	C:\WINDOWS\WinSxS\amd64_microsoft.windows.common-controls_6595b64144ccf1df_6.0.22621.2506_none_270c5ae97388e100\COMCTL32.dll
0x00007ffab2f40000 - 0x00007ffab2f69000 	C:\WINDOWS\System32\GDI32.dll
0x00007ffab1c90000 - 0x00007ffab1d37000 	C:\WINDOWS\System32\msvcrt.dll
0x00007ffab0be0000 - 0x00007ffab0cf8000 	C:\WINDOWS\System32\gdi32full.dll
0x00007ffab07f0000 - 0x00007ffab088a000 	C:\WINDOWS\System32\msvcp_win.dll
0x00007ffab2b50000 - 0x00007ffab2b81000 	C:\WINDOWS\System32\IMM32.DLL
0x00007ffa9c0b0000 - 0x00007ffa9c0bc000 	C:\Users\emisi\.p2\pool\plugins\org.eclipse.justj.openjdk.hotspot.jre.full.win32.x86_64_17.0.8.v20230831-1047\jre\bin\vcruntime140_1.dll
0x00007ffa659a0000 - 0x00007ffa65a31000 	C:\Users\emisi\.p2\pool\plugins\org.eclipse.justj.openjdk.hotspot.jre.full.win32.x86_64_17.0.8.v20230831-1047\jre\bin\msvcp140.dll
0x00007ffa05bf0000 - 0x00007ffa0683c000 	C:\Users\emisi\.p2\pool\plugins\org.eclipse.justj.openjdk.hotspot.jre.full.win32.x86_64_17.0.8.v20230831-1047\jre\bin\server\jvm.dll
0x00007ffab17e0000 - 0x00007ffab1891000 	C:\WINDOWS\System32\ADVAPI32.dll
0x00007ffab1a10000 - 0x00007ffab1ab5000 	C:\WINDOWS\System32\sechost.dll
0x00007ffab27a0000 - 0x00007ffab28b7000 	C:\WINDOWS\System32\RPCRT4.dll
0x00007ffaa9080000 - 0x00007ffaa9089000 	C:\WINDOWS\SYSTEM32\WSOCK32.dll
0x00007ffaaf190000 - 0x00007ffaaf1dd000 	C:\WINDOWS\SYSTEM32\POWRPROF.dll
0x00007ffab28d0000 - 0x00007ffab2941000 	C:\WINDOWS\System32\WS2_32.dll
0x00007ffaa8f90000 - 0x00007ffaa8fc4000 	C:\WINDOWS\SYSTEM32\WINMM.dll
0x00007ffaa8550000 - 0x00007ffaa855a000 	C:\WINDOWS\SYSTEM32\VERSION.dll
0x00007ffaaf150000 - 0x00007ffaaf163000 	C:\WINDOWS\SYSTEM32\UMPDC.dll
0x00007ffaaf3b0000 - 0x00007ffaaf3c8000 	C:\WINDOWS\SYSTEM32\kernel.appcore.dll
0x00007ffaa8ff0000 - 0x00007ffaa8ffa000 	C:\Users\emisi\.p2\pool\plugins\org.eclipse.justj.openjdk.hotspot.jre.full.win32.x86_64_17.0.8.v20230831-1047\jre\bin\jimage.dll
0x00007ffaadb40000 - 0x00007ffaadd73000 	C:\WINDOWS\SYSTEM32\DBGHELP.DLL
0x00007ffab2bb0000 - 0x00007ffab2f39000 	C:\WINDOWS\System32\combase.dll
0x00007ffab25c0000 - 0x00007ffab2697000 	C:\WINDOWS\System32\OLEAUT32.dll
0x00007ffaa3900000 - 0x00007ffaa3932000 	C:\WINDOWS\SYSTEM32\dbgcore.DLL
0x00007ffab0af0000 - 0x00007ffab0b6a000 	C:\WINDOWS\System32\bcryptPrimitives.dll
0x00007ffa9c0c0000 - 0x00007ffa9c0e5000 	C:\Users\emisi\.p2\pool\plugins\org.eclipse.justj.openjdk.hotspot.jre.full.win32.x86_64_17.0.8.v20230831-1047\jre\bin\java.dll
0x00007ffaa1240000 - 0x00007ffaa1258000 	C:\Users\emisi\.p2\pool\plugins\org.eclipse.justj.openjdk.hotspot.jre.full.win32.x86_64_17.0.8.v20230831-1047\jre\bin\zip.dll
0x00007ffab0e40000 - 0x00007ffab169a000 	C:\WINDOWS\System32\SHELL32.dll
0x00007ffaae250000 - 0x00007ffaaeb46000 	C:\WINDOWS\SYSTEM32\windows.storage.dll
0x00007ffaae110000 - 0x00007ffaae24e000 	C:\WINDOWS\SYSTEM32\wintypes.dll
0x00007ffab26a0000 - 0x00007ffab2793000 	C:\WINDOWS\System32\SHCORE.dll
0x00007ffab0de0000 - 0x00007ffab0e3e000 	C:\WINDOWS\System32\shlwapi.dll
0x00007ffab0250000 - 0x00007ffab0276000 	C:\WINDOWS\SYSTEM32\profapi.dll
0x00007ffa9c070000 - 0x00007ffa9c089000 	C:\Users\emisi\.p2\pool\plugins\org.eclipse.justj.openjdk.hotspot.jre.full.win32.x86_64_17.0.8.v20230831-1047\jre\bin\net.dll
0x00007ffaaa340000 - 0x00007ffaaa477000 	C:\WINDOWS\SYSTEM32\WINHTTP.dll
0x00007ffaaf890000 - 0x00007ffaaf8f9000 	C:\WINDOWS\system32\mswsock.dll
0x00007ffa9c050000 - 0x00007ffa9c065000 	C:\Users\emisi\.p2\pool\plugins\org.eclipse.justj.openjdk.hotspot.jre.full.win32.x86_64_17.0.8.v20230831-1047\jre\bin\nio.dll

dbghelp: loaded successfully - version: 4.0.5 - missing functions: none
symbol engine: initialized successfully - sym options: 0x614 - pdb path: .;C:\Users\emisi\.p2\pool\plugins\org.eclipse.justj.openjdk.hotspot.jre.full.win32.x86_64_17.0.8.v20230831-1047\jre\bin;C:\WINDOWS\SYSTEM32;C:\WINDOWS\WinSxS\amd64_microsoft.windows.common-controls_6595b64144ccf1df_6.0.22621.2506_none_270c5ae97388e100;C:\Users\emisi\.p2\pool\plugins\org.eclipse.justj.openjdk.hotspot.jre.full.win32.x86_64_17.0.8.v20230831-1047\jre\bin\server

VM Arguments:
jvm_args: -Dfile.encoding=UTF-8 --module-path=C:\Users\emisi\Documents\1DAM\Programacion\Tema2\Proyecto_Emanuel_Hosu\bin -XX:+ShowCodeDetailsInExceptionMessages -Djdk.module.main=Proyecto_Emanuel_Hosu 
java_command: Proyecto_Emanuel_Hosu/SimonDice.Main
java_class_path (initial): <not set>
Launcher Type: SUN_STANDARD

[Global flags]
     intx CICompilerCount                          = 12                                        {product} {ergonomic}
     uint ConcGCThreads                            = 4                                         {product} {ergonomic}
     uint G1ConcRefinementThreads                  = 15                                        {product} {ergonomic}
   size_t G1HeapRegionSize                         = 2097152                                   {product} {ergonomic}
    uintx GCDrainStackTargetSize                   = 64                                        {product} {ergonomic}
   size_t InitialHeapSize                          = 264241152                                 {product} {ergonomic}
   size_t MarkStackSize                            = 4194304                                   {product} {ergonomic}
   size_t MaxHeapSize                              = 4208984064                                {product} {ergonomic}
   size_t MaxNewSize                               = 2524971008                                {product} {ergonomic}
   size_t MinHeapDeltaBytes                        = 2097152                                   {product} {ergonomic}
   size_t MinHeapSize                              = 8388608                                   {product} {ergonomic}
    uintx NonNMethodCodeHeapSize                   = 7602480                                {pd product} {ergonomic}
    uintx NonProfiledCodeHeapSize                  = 122027880                              {pd product} {ergonomic}
    uintx ProfiledCodeHeapSize                     = 122027880                              {pd product} {ergonomic}
    uintx ReservedCodeCacheSize                    = 251658240                              {pd product} {ergonomic}
     bool SegmentedCodeCache                       = true                                      {product} {ergonomic}
     bool ShowCodeDetailsInExceptionMessages       = true                                   {manageable} {command line}
   size_t SoftMaxHeapSize                          = 4208984064                             {manageable} {ergonomic}
     bool UseCompressedClassPointers               = true                           {product lp64_product} {ergonomic}
     bool UseCompressedOops                        = true                           {product lp64_product} {ergonomic}
     bool UseG1GC                                  = true                                      {product} {ergonomic}
     bool UseLargePagesIndividualAllocation        = false                                  {pd product} {ergonomic}

Logging:
Log output configuration:
 #0: stdout all=warning uptime,level,tags
 #1: stderr all=off uptime,level,tags

Environment Variables:
PATH=C:/Users/emisi/.p2/pool/plugins/org.eclipse.justj.openjdk.hotspot.jre.full.win32.x86_64_17.0.8.v20230831-1047/jre/bin/server;C:/Users/emisi/.p2/pool/plugins/org.eclipse.justj.openjdk.hotspot.jre.full.win32.x86_64_17.0.8.v20230831-1047/jre/bin;C:\Program Files (x86)\Common Files\Oracle\Java\javapath;C:\WINDOWS\system32;C:\WINDOWS;C:\WINDOWS\System32\Wbem;C:\WINDOWS\System32\WindowsPowerShell\v1.0\;C:\WINDOWS\System32\OpenSSH\;C:\Program Files\NVIDIA Corporation\NVIDIA NvDLISR;C:\WINDOWS\system32;C:\WINDOWS;C:\WINDOWS\System32\Wbem;C:\WINDOWS\System32\WindowsPowerShell\v1.0\;C:\WINDOWS\System32\OpenSSH\;C:\Program Files (x86)\NVIDIA Corporation\PhysX\Common;C:\Program Files\dotnet\;C:\Program Files\Git\cmd;C:\composer;C:\xampp\php;C:\Users\emisi\scoop\shims;C:\Users\emisi\AppData\Local\Microsoft\WindowsApps;C:\Users\emisi\AppData\Local\Programs\Microsoft VS Code\bin;C:\Users\emisi\AppData\Local\GitHubDesktop\bin;C:\Users\emisi\AppData\Roaming\Composer\vendor\bin;C:\Users\emisi\Desktop;
USERNAME=emisi
OS=Windows_NT
PROCESSOR_IDENTIFIER=Intel64 Family 6 Model 154 Stepping 3, GenuineIntel
TMP=C:\Users\emisi\AppData\Local\Temp
TEMP=C:\Users\emisi\AppData\Local\Temp



---------------  S Y S T E M  ---------------

OS:
 Windows 11 , 64 bit Build 22621 (10.0.22621.2506)
OS uptime: 1 days 2:51 hours

CPU: total 20 (initial active 20) (10 cores per cpu, 2 threads per core) family 6 model 154 stepping 3 microcode 0x42c, cx8, cmov, fxsr, ht, mmx, 3dnowpref, sse, sse2, sse3, ssse3, sse4.1, sse4.2, popcnt, lzcnt, tsc, tscinvbit, avx, avx2, aes, erms, clmul, bmi1, bmi2, adx, sha, fma, vzeroupper, clflush, clflushopt, clwb
Processor Information for processor 0
  Max Mhz: 2300, Current Mhz: 1506, Mhz Limit: 2300
Processor Information for processor 1
  Max Mhz: 2300, Current Mhz: 2300, Mhz Limit: 2300
Processor Information for processor 2
  Max Mhz: 2300, Current Mhz: 2300, Mhz Limit: 2300
Processor Information for processor 3
  Max Mhz: 2300, Current Mhz: 2300, Mhz Limit: 2300
Processor Information for processor 4
  Max Mhz: 2300, Current Mhz: 2300, Mhz Limit: 2300
Processor Information for processor 5
  Max Mhz: 2300, Current Mhz: 2300, Mhz Limit: 2300
Processor Information for processor 6
  Max Mhz: 2300, Current Mhz: 2300, Mhz Limit: 2300
Processor Information for processor 7
  Max Mhz: 2300, Current Mhz: 2300, Mhz Limit: 2300
Processor Information for processor 8
  Max Mhz: 2300, Current Mhz: 2300, Mhz Limit: 2300
Processor Information for processor 9
  Max Mhz: 2300, Current Mhz: 2300, Mhz Limit: 2300
Processor Information for processor 10
  Max Mhz: 2300, Current Mhz: 2300, Mhz Limit: 2300
Processor Information for processor 11
  Max Mhz: 2300, Current Mhz: 2300, Mhz Limit: 2300
Processor Information for processor 12
  Max Mhz: 2300, Current Mhz: 1700, Mhz Limit: 1679
Processor Information for processor 13
  Max Mhz: 2300, Current Mhz: 1500, Mhz Limit: 1679
Processor Information for processor 14
  Max Mhz: 2300, Current Mhz: 1700, Mhz Limit: 1679
Processor Information for processor 15
  Max Mhz: 2300, Current Mhz: 1500, Mhz Limit: 1679
Processor Information for processor 16
  Max Mhz: 2300, Current Mhz: 1500, Mhz Limit: 1679
Processor Information for processor 17
  Max Mhz: 2300, Current Mhz: 1500, Mhz Limit: 1679
Processor Information for processor 18
  Max Mhz: 2300, Current Mhz: 1500, Mhz Limit: 1679
Processor Information for processor 19
  Max Mhz: 2300, Current Mhz: 1500, Mhz Limit: 1679

Memory: 4k page, system-wide physical 16051M (3590M free)
TotalPageFile size 65203M (AvailPageFile size 4M)
current process WorkingSet (physical memory assigned to process): 38M, peak: 38M
current process commit charge ("private bytes"): 351M, peak: 351M

vm_info: OpenJDK 64-Bit Server VM (17.0.8.1+1) for windows-amd64 JRE (17.0.8.1+1), built on Aug 23 2023 15:29:17 by "admin" with MS VC++ 16.7 (VS2019)

END.
